# IPython log file

%cd "C:\Users\owen.sullivan\Documents\AP CSP\GitHub\CSP\Python"
# Tue, 06 Nov 2018 08:46:44
5+3
#[Out]# 8
# Tue, 06 Nov 2018 08:46:56
5+3.
#[Out]# 8.0
# Tue, 06 Nov 2018 08:47:04
7*2
#[Out]# 14
# Tue, 06 Nov 2018 08:48:05
7/2
#[Out]# 3
# Tue, 06 Nov 2018 08:48:23
a=2
# Tue, 06 Nov 2018 08:48:46
student_age=16
# Tue, 06 Nov 2018 08:48:53
a
#[Out]# 2
# Tue, 06 Nov 2018 08:49:00
a*6.2e6
#[Out]# 12400000.0
# Tue, 06 Nov 2018 08:49:11
abs(-7)
#[Out]# 7
# Tue, 06 Nov 2018 08:49:25
23 ** 43
#[Out]# 35834136918934220777541995677272642015423987712183913488967L
# Tue, 06 Nov 2018 08:53:57
# group projects are a disease
# Tue, 06 Nov 2018 08:58:19
ls
# Tue, 06 Nov 2018 09:03:42
%run "c:\users\owen~1.sul\appdata\local\temp\tmpyqwy33.py"# Tue, 06 Nov 2018 09:03:52
%run "c:\users\owen~1.sul\appdata\local\temp\tmpzovn4i.py"# Tue, 06 Nov 2018 09:04:56
a = add_tip(20, 0.15)
# Tue, 06 Nov 2018 09:04:57
a
#[Out]# 23.0
# Tue, 06 Nov 2018 09:05:05
add_tip(30, 0.15)
#[Out]# 34.5
# Tue, 06 Nov 2018 09:17:50
%run "c:\users\owen~1.sul\appdata\local\temp\tmpjzzwao.py"# Tue, 06 Nov 2018 09:18:01
hyp(3,4)
# Tue, 06 Nov 2018 09:19:06
hyp(3,4)
# Tue, 06 Nov 2018 09:20:01
hyp(3, 4)
# Tue, 06 Nov 2018 09:22:05
%run "c:\users\owen~1.sul\appdata\local\temp\tmpkbirrg.py"# Tue, 06 Nov 2018 09:22:10
hyp(3,4)
# Tue, 06 Nov 2018 09:22:36
%run "c:\users\owen~1.sul\appdata\local\temp\tmpyatymw.py"# Tue, 06 Nov 2018 09:23:40
%run "c:\users\owen~1.sul\appdata\local\temp\tmp8ayd79.py"# Tue, 06 Nov 2018 09:23:47
hyp(3,4)
#[Out]# 5.0
# Tue, 06 Nov 2018 09:29:43
%run "c:\users\owen~1.sul\appdata\local\temp\tmpjeujuk.py"# Tue, 06 Nov 2018 09:29:51
mean(3,2,4)
# Tue, 06 Nov 2018 09:29:59
%run "c:\users\owen~1.sul\appdata\local\temp\tmp1n7lj2.py"# Tue, 06 Nov 2018 09:30:02
mean(3,2,4)
#[Out]# 3
# Tue, 06 Nov 2018 09:32:00
%run -i "c:\users\owen~1.sul\appdata\local\temp\tmpiq1sfw.py"# Tue, 06 Nov 2018 09:32:13
perimeter(4, 2)
#[Out]# 12
# Tue, 06 Nov 2018 09:33:46
%logstop
